-- Configuring done
-- Generating done
-- Build files have been written to: /home/nvidia/mri-edge-rtos-ai/build/jetson-cpp
Consolidate compiler generated dependencies of target mri_inference
[ 20%] Building CXX object CMakeFiles/mri_inference.dir/src/tensorrt_backend.cpp.o
[ 40%] Linking CXX static library libmri_inference.a
[ 60%] Built target mri_inference
Consolidate compiler generated dependencies of target mri_inference_demo
[ 80%] Linking CXX executable mri_inference_demo
[100%] Built target mri_inference_demo
backend=tensorrt-fp16
accelerated=1
ok=1
bytes=65536
warmup=5
repeats=50
latency_ms_last=1.59683
latency_ms_mean=1.62524
latency_ms_min=1.24674
latency_ms_max=2.44271
output_elements=16384
message=TensorRT engine inference completed
