&&&& RUNNING TensorRT.trtexec [TensorRT v100300] # /usr/src/tensorrt/bin/trtexec --loadEngine=models/unet_demo_fp16.engine --shapes=masked_image:1x1x128x128 --avgRuns=20 --duration=10 --exportTimes=reports/trtexec_fp16_times.json
[06/01/2026-17:29:12] [I] === Model Options ===
[06/01/2026-17:29:12] [I] Format: *
[06/01/2026-17:29:12] [I] Model: 
[06/01/2026-17:29:12] [I] Output:
[06/01/2026-17:29:12] [I] 
[06/01/2026-17:29:12] [I] === System Options ===
[06/01/2026-17:29:12] [I] Device: 0
[06/01/2026-17:29:12] [I] DLACore: 
[06/01/2026-17:29:12] [I] Plugins:
[06/01/2026-17:29:12] [I] setPluginsToSerialize:
[06/01/2026-17:29:12] [I] dynamicPlugins:
[06/01/2026-17:29:12] [I] ignoreParsedPluginLibs: 0
[06/01/2026-17:29:12] [I] 
[06/01/2026-17:29:12] [I] === Inference Options ===
[06/01/2026-17:29:12] [I] Batch: Explicit
[06/01/2026-17:29:12] [I] Input inference shape : masked_image=1x1x128x128
[06/01/2026-17:29:12] [I] Iterations: 10
[06/01/2026-17:29:12] [I] Duration: 10s (+ 200ms warm up)
[06/01/2026-17:29:12] [I] Sleep time: 0ms
[06/01/2026-17:29:12] [I] Idle time: 0ms
[06/01/2026-17:29:12] [I] Inference Streams: 1
[06/01/2026-17:29:12] [I] ExposeDMA: Disabled
[06/01/2026-17:29:12] [I] Data transfers: Enabled
[06/01/2026-17:29:12] [I] Spin-wait: Disabled
[06/01/2026-17:29:12] [I] Multithreading: Disabled
[06/01/2026-17:29:12] [I] CUDA Graph: Disabled
[06/01/2026-17:29:12] [I] Separate profiling: Disabled
[06/01/2026-17:29:12] [I] Time Deserialize: Disabled
[06/01/2026-17:29:12] [I] Time Refit: Disabled
[06/01/2026-17:29:12] [I] NVTX verbosity: 0
[06/01/2026-17:29:12] [I] Persistent Cache Ratio: 0
[06/01/2026-17:29:12] [I] Optimization Profile Index: 0
[06/01/2026-17:29:12] [I] Weight Streaming Budget: 100.000000%
[06/01/2026-17:29:12] [I] Inputs:
[06/01/2026-17:29:12] [I] Debug Tensor Save Destinations:
[06/01/2026-17:29:12] [I] === Reporting Options ===
[06/01/2026-17:29:12] [I] Verbose: Disabled
[06/01/2026-17:29:12] [I] Averages: 20 inferences
[06/01/2026-17:29:12] [I] Percentiles: 90,95,99
[06/01/2026-17:29:12] [I] Dump refittable layers:Disabled
[06/01/2026-17:29:12] [I] Dump output: Disabled
[06/01/2026-17:29:12] [I] Profile: Disabled
[06/01/2026-17:29:12] [I] Export timing to JSON file: reports/trtexec_fp16_times.json
[06/01/2026-17:29:12] [I] Export output to JSON file: 
[06/01/2026-17:29:12] [I] Export profile to JSON file: 
[06/01/2026-17:29:12] [I] 
[06/01/2026-17:29:12] [I] === Device Information ===
[06/01/2026-17:29:12] [I] Available Devices: 
[06/01/2026-17:29:12] [I]   Device 0: "Orin" UUID: GPU-4a1152b3-5146-5c82-930b-e9c29978311c
[06/01/2026-17:29:12] [I] Selected Device: Orin
[06/01/2026-17:29:12] [I] Selected Device ID: 0
[06/01/2026-17:29:12] [I] Selected Device UUID: GPU-4a1152b3-5146-5c82-930b-e9c29978311c
[06/01/2026-17:29:12] [I] Compute Capability: 8.7
[06/01/2026-17:29:12] [I] SMs: 4
[06/01/2026-17:29:12] [I] Device Global Memory: 7619 MiB
[06/01/2026-17:29:12] [I] Shared Memory per SM: 164 KiB
[06/01/2026-17:29:12] [I] Memory Bus Width: 128 bits (ECC disabled)
[06/01/2026-17:29:12] [I] Application Compute Clock Rate: 1.02 GHz
[06/01/2026-17:29:12] [I] Application Memory Clock Rate: 0.612 GHz
[06/01/2026-17:29:12] [I] 
[06/01/2026-17:29:12] [I] Note: The application clock rates do not reflect the actual clock rates that the GPU is currently running at.
[06/01/2026-17:29:12] [I] 
[06/01/2026-17:29:12] [I] TensorRT version: 10.3.0
[06/01/2026-17:29:12] [I] Loading standard plugins
[06/01/2026-17:29:12] [I] [TRT] Loaded engine size: 0 MiB
[06/01/2026-17:29:12] [I] Engine deserialized in 0.0322459 sec.
[06/01/2026-17:29:12] [I] [TRT] [MemUsageChange] TensorRT-managed allocation in IExecutionContext creation: CPU +0, GPU +2, now: CPU 0, GPU 2 (MiB)
[06/01/2026-17:29:12] [I] Setting persistentCacheLimit to 0 bytes.
[06/01/2026-17:29:12] [I] Created execution context with device memory size: 2.5 MiB
[06/01/2026-17:29:12] [I] Using random values for input masked_image
[06/01/2026-17:29:12] [I] Input binding for masked_image with dimensions 1x1x128x128 is created.
[06/01/2026-17:29:12] [I] Output binding for reconstruction with dimensions 1x1x128x128 is created.
[06/01/2026-17:29:12] [I] Starting inference
[06/01/2026-17:29:22] [I] Warmup completed 157 queries over 200 ms
[06/01/2026-17:29:22] [I] Timing trace has 9850 queries over 10.003 s
[06/01/2026-17:29:22] [I] 
[06/01/2026-17:29:22] [I] === Trace details ===
[06/01/2026-17:29:22] [I] Trace averages of 20 runs:
[06/01/2026-17:29:22] [I] Average on 20 runs - GPU latency: 1.00998 ms - Host latency: 1.04739 ms (enqueue 0.397115 ms)
[06/01/2026-17:29:22] [I] Average on 20 runs - GPU latency: 1.0109 ms - Host latency: 1.04826 ms (enqueue 0.382559 ms)
[06/01/2026-17:29:22] [I] Average on 20 runs - GPU latency: 1.01092 ms - Host latency: 1.04584 ms (enqueue 0.393994 ms)
[06/01/2026-17:29:22] [I] Average on 20 runs - GPU latency: 1.01114 ms - Host latency: 1.04615 ms (enqueue 0.397957 ms)
[06/01/2026-17:29:22] [I] Average on 20 runs - GPU latency: 1.0101 ms - Host latency: 1.04547 ms (enqueue 0.382452 ms)
[06/01/2026-17:29:22] [I] Average on 20 runs - GPU latency: 1.01117 ms - Host latency: 1.0463 ms (enqueue 0.392041 ms)
[06/01/2026-17:29:22] [I] Average on 20 runs - GPU latency: 1.01033 ms - Host latency: 1.04525 ms (enqueue 0.402927 ms)
[06/01/2026-17:29:22] [I] Average on 20 runs - GPU latency: 1.01129 ms - Host latency: 1.04585 ms (enqueue 0.383481 ms)
[06/01/2026-17:29:22] [I] Average on 20 runs - GPU latency: 1.01049 ms - Host latency: 1.04538 ms (enqueue 0.381743 ms)
[06/01/2026-17:29:22] [I] Average on 20 runs - GPU latency: 1.01073 ms - Host latency: 1.04577 ms (enqueue 0.403113 ms)
[06/01/2026-17:29:22] [I] Average on 20 runs - GPU latency: 1.00967 ms - Host latency: 1.0444 ms (enqueue 0.391519 ms)
[06/01/2026-17:29:22] [I] Average on 20 runs - GPU latency: 1.01109 ms - Host latency: 1.04624 ms (enqueue 0.380205 ms)
[06/01/2026-17:29:22] [I] Average on 20 runs - GPU latency: 1.01078 ms - Host latency: 1.04593 ms (enqueue 0.390912 ms)
[06/01/2026-17:29:22] [I] Average on 20 runs - GPU latency: 1.01032 ms - Host latency: 1.04493 ms (enqueue 0.391737 ms)
[06/01/2026-17:29:22] [I] Average on 20 runs - GPU latency: 1.01023 ms - Host latency: 1.04648 ms (enqueue 0.382973 ms)
[06/01/2026-17:29:22] [I] Average on 20 runs - GPU latency: 1.01098 ms - Host latency: 1.04551 ms (enqueue 0.385651 ms)
[06/01/2026-17:29:22] [I] Average on 20 runs - GPU latency: 1.01158 ms - Host latency: 1.04737 ms (enqueue 0.391174 ms)
[06/01/2026-17:29:22] [I] Average on 20 runs - GPU latency: 1.01067 ms - Host latency: 1.04626 ms (enqueue 0.385406 ms)
[06/01/2026-17:29:22] [I] Average on 20 runs - GPU latency: 1.01126 ms - Host latency: 1.05027 ms (enqueue 0.393759 ms)
[06/01/2026-17:29:22] [I] Average on 20 runs - GPU latency: 1.01156 ms - Host latency: 1.04766 ms (enqueue 0.396402 ms)
[06/01/2026-17:29:22] [I] Average on 20 runs - GPU latency: 1.01118 ms - Host latency: 1.04897 ms (enqueue 0.388528 ms)
[06/01/2026-17:29:22] [I] Average on 20 runs - GPU latency: 1.01146 ms - Host latency: 1.04683 ms (enqueue 0.385727 ms)
[06/01/2026-17:29:22] [I] Average on 20 runs - GPU latency: 1.01178 ms - Host latency: 1.04791 ms (enqueue 0.399908 ms)
[06/01/2026-17:29:22] [I] Average on 20 runs - GPU latency: 1.0113 ms - Host latency: 1.04892 ms (enqueue 0.39277 ms)
[06/01/2026-17:29:22] [I] Average on 20 runs - GPU latency: 1.01131 ms - Host latency: 1.04809 ms (enqueue 0.392773 ms)
[06/01/2026-17:29:22] [I] Average on 20 runs - GPU latency: 1.01059 ms - Host latency: 1.04803 ms (enqueue 0.406161 ms)
[06/01/2026-17:29:22] [I] Average on 20 runs - GPU latency: 1.01155 ms - Host latency: 1.04754 ms (enqueue 0.388184 ms)
[06/01/2026-17:29:22] [I] Average on 20 runs - GPU latency: 1.01058 ms - Host latency: 1.04413 ms (enqueue 0.381171 ms)
[06/01/2026-17:29:22] [I] Average on 20 runs - GPU latency: 1.00995 ms - Host latency: 1.04643 ms (enqueue 0.400327 ms)
[06/01/2026-17:29:22] [I] Average on 20 runs - GPU latency: 1.00962 ms - Host latency: 1.04623 ms (enqueue 0.395059 ms)
[06/01/2026-17:29:22] [I] Average on 20 runs - GPU latency: 1.01007 ms - Host latency: 1.04692 ms (enqueue 0.386624 ms)
[06/01/2026-17:29:22] [I] Average on 20 runs - GPU latency: 1.0111 ms - Host latency: 1.0472 ms (enqueue 0.396841 ms)
[06/01/2026-17:29:22] [I] Average on 20 runs - GPU latency: 1.01186 ms - Host latency: 1.04742 ms (enqueue 0.393463 ms)
[06/01/2026-17:29:22] [I] Average on 20 runs - GPU latency: 1.01047 ms - Host latency: 1.04516 ms (enqueue 0.386105 ms)
[06/01/2026-17:29:22] [I] Average on 20 runs - GPU latency: 1.0099 ms - Host latency: 1.04555 ms (enqueue 0.390942 ms)
[06/01/2026-17:29:22] [I] Average on 20 runs - GPU latency: 1.01002 ms - Host latency: 1.04547 ms (enqueue 0.400201 ms)
[06/01/2026-17:29:22] [I] Average on 20 runs - GPU latency: 1.01072 ms - Host latency: 1.04618 ms (enqueue 0.385767 ms)
[06/01/2026-17:29:22] [I] Average on 20 runs - GPU latency: 1.01175 ms - Host latency: 1.04632 ms (enqueue 0.38526 ms)
[06/01/2026-17:29:22] [I] Average on 20 runs - GPU latency: 1.01147 ms - Host latency: 1.04709 ms (enqueue 0.405078 ms)
[06/01/2026-17:29:22] [I] Average on 20 runs - GPU latency: 1.01029 ms - Host latency: 1.04818 ms (enqueue 0.390161 ms)
[06/01/2026-17:29:22] [I] Average on 20 runs - GPU latency: 1.01124 ms - Host latency: 1.04558 ms (enqueue 0.38616 ms)
[06/01/2026-17:29:22] [I] Average on 20 runs - GPU latency: 1.01114 ms - Host latency: 1.04646 ms (enqueue 0.395654 ms)
[06/01/2026-17:29:22] [I] Average on 20 runs - GPU latency: 1.01082 ms - Host latency: 1.0455 ms (enqueue 0.392865 ms)
[06/01/2026-17:29:22] [I] Average on 20 runs - GPU latency: 1.01148 ms - Host latency: 1.04674 ms (enqueue 0.3854 ms)
[06/01/2026-17:29:22] [I] Average on 20 runs - GPU latency: 1.01188 ms - Host latency: 1.04734 ms (enqueue 0.398535 ms)
[06/01/2026-17:29:22] [I] Average on 20 runs - GPU latency: 1.01179 ms - Host latency: 1.04705 ms (enqueue 0.389166 ms)
[06/01/2026-17:29:22] [I] Average on 20 runs - GPU latency: 1.0106 ms - Host latency: 1.04617 ms (enqueue 0.386865 ms)
[06/01/2026-17:29:22] [I] Average on 20 runs - GPU latency: 1.01064 ms - Host latency: 1.04575 ms (enqueue 0.394598 ms)
[06/01/2026-17:29:22] [I] Average on 20 runs - GPU latency: 1.01034 ms - Host latency: 1.04913 ms (enqueue 0.398206 ms)
[06/01/2026-17:29:22] [I] Average on 20 runs - GPU latency: 1.01154 ms - Host latency: 1.04858 ms (enqueue 0.390131 ms)
[06/01/2026-17:29:22] [I] Average on 20 runs - GPU latency: 1.01135 ms - Host latency: 1.04765 ms (enqueue 0.392523 ms)
[06/01/2026-17:29:22] [I] Average on 20 runs - GPU latency: 1.01041 ms - Host latency: 1.04738 ms (enqueue 0.396399 ms)
[06/01/2026-17:29:22] [I] Average on 20 runs - GPU latency: 1.01145 ms - Host latency: 1.04707 ms (enqueue 0.381683 ms)
[06/01/2026-17:29:22] [I] Average on 20 runs - GPU latency: 1.01238 ms - Host latency: 1.0477 ms (enqueue 0.387518 ms)
[06/01/2026-17:29:22] [I] Average on 20 runs - GPU latency: 1.0119 ms - Host latency: 1.04805 ms (enqueue 0.400415 ms)
[06/01/2026-17:29:22] [I] Average on 20 runs - GPU latency: 1.01114 ms - Host latency: 1.04703 ms (enqueue 0.386157 ms)
[06/01/2026-17:29:22] [I] Average on 20 runs - GPU latency: 1.0115 ms - Host latency: 1.04678 ms (enqueue 0.389618 ms)
[06/01/2026-17:29:22] [I] Average on 20 runs - GPU latency: 1.01123 ms - Host latency: 1.04727 ms (enqueue 0.397223 ms)
[06/01/2026-17:29:22] [I] Average on 20 runs - GPU latency: 1.01229 ms - Host latency: 1.04693 ms (enqueue 0.386053 ms)
[06/01/2026-17:29:22] [I] Average on 20 runs - GPU latency: 1.01207 ms - Host latency: 1.04764 ms (enqueue 0.389929 ms)
[06/01/2026-17:29:22] [I] Average on 20 runs - GPU latency: 1.01083 ms - Host latency: 1.04498 ms (enqueue 0.397876 ms)
[06/01/2026-17:29:22] [I] Average on 20 runs - GPU latency: 1.0114 ms - Host latency: 1.04914 ms (enqueue 0.394336 ms)
[06/01/2026-17:29:22] [I] Average on 20 runs - GPU latency: 1.0104 ms - Host latency: 1.04648 ms (enqueue 0.388062 ms)
[06/01/2026-17:29:22] [I] Average on 20 runs - GPU latency: 1.01082 ms - Host latency: 1.04872 ms (enqueue 0.411755 ms)
[06/01/2026-17:29:22] [I] Average on 20 runs - GPU latency: 1.01195 ms - Host latency: 1.05195 ms (enqueue 0.389233 ms)
[06/01/2026-17:29:22] [I] Average on 20 runs - GPU latency: 1.01102 ms - Host latency: 1.04795 ms (enqueue 0.386017 ms)
[06/01/2026-17:29:22] [I] Average on 20 runs - GPU latency: 1.01069 ms - Host latency: 1.04666 ms (enqueue 0.406964 ms)
[06/01/2026-17:29:22] [I] Average on 20 runs - GPU latency: 1.01104 ms - Host latency: 1.05055 ms (enqueue 0.398267 ms)
[06/01/2026-17:29:22] [I] Average on 20 runs - GPU latency: 1.01124 ms - Host latency: 1.04653 ms (enqueue 0.385834 ms)
[06/01/2026-17:29:22] [I] Average on 20 runs - GPU latency: 1.01071 ms - Host latency: 1.05462 ms (enqueue 0.420221 ms)
[06/01/2026-17:29:22] [I] Average on 20 runs - GPU latency: 1.01051 ms - Host latency: 1.04871 ms (enqueue 0.39762 ms)
[06/01/2026-17:29:22] [I] Average on 20 runs - GPU latency: 1.01108 ms - Host latency: 1.04734 ms (enqueue 0.386029 ms)
[06/01/2026-17:29:22] [I] Average on 20 runs - GPU latency: 1.01147 ms - Host latency: 1.04655 ms (enqueue 0.395532 ms)
[06/01/2026-17:29:22] [I] Average on 20 runs - GPU latency: 1.01116 ms - Host latency: 1.04813 ms (enqueue 0.399646 ms)
[06/01/2026-17:29:22] [I] Average on 20 runs - GPU latency: 1.01113 ms - Host latency: 1.04836 ms (enqueue 0.393549 ms)
[06/01/2026-17:29:22] [I] Average on 20 runs - GPU latency: 1.01092 ms - Host latency: 1.04726 ms (enqueue 0.387488 ms)
[06/01/2026-17:29:22] [I] Average on 20 runs - GPU latency: 1.01112 ms - Host latency: 1.04557 ms (enqueue 0.400409 ms)
[06/01/2026-17:29:22] [I] Average on 20 runs - GPU latency: 1.0117 ms - Host latency: 1.04733 ms (enqueue 0.380817 ms)
[06/01/2026-17:29:22] [I] Average on 20 runs - GPU latency: 1.01129 ms - Host latency: 1.04813 ms (enqueue 0.389667 ms)
[06/01/2026-17:29:22] [I] Average on 20 runs - GPU latency: 1.01112 ms - Host latency: 1.04767 ms (enqueue 0.406396 ms)
[06/01/2026-17:29:22] [I] Average on 20 runs - GPU latency: 1.01182 ms - Host latency: 1.05021 ms (enqueue 0.390247 ms)
[06/01/2026-17:29:22] [I] Average on 20 runs - GPU latency: 1.01152 ms - Host latency: 1.04838 ms (enqueue 0.39035 ms)
[06/01/2026-17:29:22] [I] Average on 20 runs - GPU latency: 1.01211 ms - Host latency: 1.04844 ms (enqueue 0.405103 ms)
[06/01/2026-17:29:22] [I] Average on 20 runs - GPU latency: 1.01042 ms - Host latency: 1.04642 ms (enqueue 0.393921 ms)
[06/01/2026-17:29:22] [I] Average on 20 runs - GPU latency: 1.01155 ms - Host latency: 1.04767 ms (enqueue 0.385406 ms)
[06/01/2026-17:29:22] [I] Average on 20 runs - GPU latency: 1.01084 ms - Host latency: 1.04731 ms (enqueue 0.41745 ms)
[06/01/2026-17:29:22] [I] Average on 20 runs - GPU latency: 1.01041 ms - Host latency: 1.04746 ms (enqueue 0.385553 ms)
[06/01/2026-17:29:22] [I] Average on 20 runs - GPU latency: 1.01071 ms - Host latency: 1.04781 ms (enqueue 0.385797 ms)
[06/01/2026-17:29:22] [I] Average on 20 runs - GPU latency: 1.01158 ms - Host latency: 1.04664 ms (enqueue 0.39967 ms)
[06/01/2026-17:29:22] [I] Average on 20 runs - GPU latency: 1.01065 ms - Host latency: 1.04794 ms (enqueue 0.40321 ms)
[06/01/2026-17:29:22] [I] Average on 20 runs - GPU latency: 1.01246 ms - Host latency: 1.04778 ms (enqueue 0.392578 ms)
[06/01/2026-17:29:22] [I] Average on 20 runs - GPU latency: 1.0118 ms - Host latency: 1.04693 ms (enqueue 0.398743 ms)
[06/01/2026-17:29:22] [I] Average on 20 runs - GPU latency: 1.01136 ms - Host latency: 1.04681 ms (enqueue 0.395752 ms)
[06/01/2026-17:29:22] [I] Average on 20 runs - GPU latency: 1.01047 ms - Host latency: 1.04742 ms (enqueue 0.38689 ms)
[06/01/2026-17:29:22] [I] Average on 20 runs - GPU latency: 1.01166 ms - Host latency: 1.04902 ms (enqueue 0.4021 ms)
[06/01/2026-17:29:22] [I] Average on 20 runs - GPU latency: 1.01077 ms - Host latency: 1.04677 ms (enqueue 0.392615 ms)
[06/01/2026-17:29:22] [I] Average on 20 runs - GPU latency: 1.01097 ms - Host latency: 1.04775 ms (enqueue 0.388049 ms)
[06/01/2026-17:29:22] [I] Average on 20 runs - GPU latency: 1.0116 ms - Host latency: 1.04996 ms (enqueue 0.39873 ms)
[06/01/2026-17:29:22] [I] Average on 20 runs - GPU latency: 1.01154 ms - Host latency: 1.04746 ms (enqueue 0.400452 ms)
[06/01/2026-17:29:22] [I] Average on 20 runs - GPU latency: 1.01145 ms - Host latency: 1.04958 ms (enqueue 0.392249 ms)
[06/01/2026-17:29:22] [I] Average on 20 runs - GPU latency: 1.01031 ms - Host latency: 1.04706 ms (enqueue 0.394226 ms)
[06/01/2026-17:29:22] [I] Average on 20 runs - GPU latency: 1.01139 ms - Host latency: 1.04755 ms (enqueue 0.408362 ms)
[06/01/2026-17:29:22] [I] Average on 20 runs - GPU latency: 1.0108 ms - Host latency: 1.04659 ms (enqueue 0.383508 ms)
[06/01/2026-17:29:22] [I] Average on 20 runs - GPU latency: 1.01102 ms - Host latency: 1.04789 ms (enqueue 0.385767 ms)
[06/01/2026-17:29:22] [I] Average on 20 runs - GPU latency: 1.01111 ms - Host latency: 1.0463 ms (enqueue 0.410791 ms)
[06/01/2026-17:29:22] [I] Average on 20 runs - GPU latency: 1.01169 ms - Host latency: 1.04751 ms (enqueue 0.388489 ms)
[06/01/2026-17:29:22] [I] Average on 20 runs - GPU latency: 1.01212 ms - Host latency: 1.04817 ms (enqueue 0.389307 ms)
[06/01/2026-17:29:22] [I] Average on 20 runs - GPU latency: 1.01075 ms - Host latency: 1.04707 ms (enqueue 0.406421 ms)
[06/01/2026-17:29:22] [I] Average on 20 runs - GPU latency: 1.01124 ms - Host latency: 1.04852 ms (enqueue 0.388416 ms)
[06/01/2026-17:29:22] [I] Average on 20 runs - GPU latency: 1.01168 ms - Host latency: 1.04717 ms (enqueue 0.385706 ms)
[06/01/2026-17:29:22] [I] Average on 20 runs - GPU latency: 1.01263 ms - Host latency: 1.04828 ms (enqueue 0.40415 ms)
[06/01/2026-17:29:22] [I] Average on 20 runs - GPU latency: 1.01099 ms - Host latency: 1.04752 ms (enqueue 0.38761 ms)
[06/01/2026-17:29:22] [I] Average on 20 runs - GPU latency: 1.01204 ms - Host latency: 1.04761 ms (enqueue 0.384448 ms)
[06/01/2026-17:29:22] [I] Average on 20 runs - GPU latency: 1.01106 ms - Host latency: 1.04617 ms (enqueue 0.400696 ms)
[06/01/2026-17:29:22] [I] Average on 20 runs - GPU latency: 1.01111 ms - Host latency: 1.04731 ms (enqueue 0.391638 ms)
[06/01/2026-17:29:22] [I] Average on 20 runs - GPU latency: 1.01069 ms - Host latency: 1.04709 ms (enqueue 0.383862 ms)
[06/01/2026-17:29:22] [I] Average on 20 runs - GPU latency: 1.01136 ms - Host latency: 1.04648 ms (enqueue 0.395752 ms)
[06/01/2026-17:29:22] [I] Average on 20 runs - GPU latency: 1.01102 ms - Host latency: 1.04611 ms (enqueue 0.391394 ms)
[06/01/2026-17:29:22] [I] Average on 20 runs - GPU latency: 1.01182 ms - Host latency: 1.04583 ms (enqueue 0.382605 ms)
[06/01/2026-17:29:22] [I] Average on 20 runs - GPU latency: 1.01078 ms - Host latency: 1.04984 ms (enqueue 0.406445 ms)
[06/01/2026-17:29:22] [I] Average on 20 runs - GPU latency: 1.0125 ms - Host latency: 1.04976 ms (enqueue 0.409753 ms)
[06/01/2026-17:29:22] [I] Average on 20 runs - GPU latency: 1.01263 ms - Host latency: 1.04924 ms (enqueue 0.390564 ms)
[06/01/2026-17:29:22] [I] Average on 20 runs - GPU latency: 1.01208 ms - Host latency: 1.04789 ms (enqueue 0.395923 ms)
[06/01/2026-17:29:22] [I] Average on 20 runs - GPU latency: 1.01178 ms - Host latency: 1.0469 ms (enqueue 0.39397 ms)
[06/01/2026-17:29:22] [I] Average on 20 runs - GPU latency: 1.01053 ms - Host latency: 1.04791 ms (enqueue 0.388892 ms)
[06/01/2026-17:29:22] [I] Average on 20 runs - GPU latency: 1.01064 ms - Host latency: 1.04614 ms (enqueue 0.38988 ms)
[06/01/2026-17:29:22] [I] Average on 20 runs - GPU latency: 1.0111 ms - Host latency: 1.04792 ms (enqueue 0.39585 ms)
[06/01/2026-17:29:22] [I] Average on 20 runs - GPU latency: 1.01063 ms - Host latency: 1.04746 ms (enqueue 0.390662 ms)
[06/01/2026-17:29:22] [I] Average on 20 runs - GPU latency: 1.01014 ms - Host latency: 1.04696 ms (enqueue 0.38728 ms)
[06/01/2026-17:29:22] [I] Average on 20 runs - GPU latency: 1.00991 ms - Host latency: 1.04629 ms (enqueue 0.404346 ms)
[06/01/2026-17:29:22] [I] Average on 20 runs - GPU latency: 1.01039 ms - Host latency: 1.04749 ms (enqueue 0.391296 ms)
[06/01/2026-17:29:22] [I] Average on 20 runs - GPU latency: 1.01053 ms - Host latency: 1.04835 ms (enqueue 0.386536 ms)
[06/01/2026-17:29:22] [I] Average on 20 runs - GPU latency: 1.0108 ms - Host latency: 1.04836 ms (enqueue 0.408777 ms)
[06/01/2026-17:29:22] [I] Average on 20 runs - GPU latency: 1.01193 ms - Host latency: 1.04833 ms (enqueue 0.389258 ms)
[06/01/2026-17:29:22] [I] Average on 20 runs - GPU latency: 1.01091 ms - Host latency: 1.04847 ms (enqueue 0.385754 ms)
[06/01/2026-17:29:22] [I] Average on 20 runs - GPU latency: 1.00956 ms - Host latency: 1.04583 ms (enqueue 0.405615 ms)
[06/01/2026-17:29:22] [I] Average on 20 runs - GPU latency: 1.01136 ms - Host latency: 1.05021 ms (enqueue 0.399182 ms)
[06/01/2026-17:29:22] [I] Average on 20 runs - GPU latency: 1.01091 ms - Host latency: 1.0483 ms (enqueue 0.387134 ms)
[06/01/2026-17:29:22] [I] Average on 20 runs - GPU latency: 1.01102 ms - Host latency: 1.04923 ms (enqueue 0.39657 ms)
[06/01/2026-17:29:22] [I] Average on 20 runs - GPU latency: 1.0109 ms - Host latency: 1.04683 ms (enqueue 0.407117 ms)
[06/01/2026-17:29:22] [I] Average on 20 runs - GPU latency: 1.01047 ms - Host latency: 1.05244 ms (enqueue 0.395251 ms)
[06/01/2026-17:29:22] [I] Average on 20 runs - GPU latency: 1.0106 ms - Host latency: 1.0488 ms (enqueue 0.389099 ms)
[06/01/2026-17:29:22] [I] Average on 20 runs - GPU latency: 1.01012 ms - Host latency: 1.04718 ms (enqueue 0.408398 ms)
[06/01/2026-17:29:22] [I] Average on 20 runs - GPU latency: 1.01108 ms - Host latency: 1.04856 ms (enqueue 0.38999 ms)
[06/01/2026-17:29:22] [I] Average on 20 runs - GPU latency: 1.01064 ms - Host latency: 1.04758 ms (enqueue 0.386084 ms)
[06/01/2026-17:29:22] [I] Average on 20 runs - GPU latency: 1.01234 ms - Host latency: 1.04905 ms (enqueue 0.406531 ms)
[06/01/2026-17:29:22] [I] Average on 20 runs - GPU latency: 1.01053 ms - Host latency: 1.06733 ms (enqueue 0.388232 ms)
[06/01/2026-17:29:22] [I] Average on 20 runs - GPU latency: 1.00977 ms - Host latency: 1.04847 ms (enqueue 0.389758 ms)
[06/01/2026-17:29:22] [I] Average on 20 runs - GPU latency: 1.01036 ms - Host latency: 1.04572 ms (enqueue 0.396924 ms)
[06/01/2026-17:29:22] [I] Average on 20 runs - GPU latency: 1.01039 ms - Host latency: 1.04836 ms (enqueue 0.399329 ms)
[06/01/2026-17:29:22] [I] Average on 20 runs - GPU latency: 1.01118 ms - Host latency: 1.04866 ms (enqueue 0.392468 ms)
[06/01/2026-17:29:22] [I] Average on 20 runs - GPU latency: 1.011 ms - Host latency: 1.04696 ms (enqueue 0.39469 ms)
[06/01/2026-17:29:22] [I] Average on 20 runs - GPU latency: 1.01117 ms - Host latency: 1.04803 ms (enqueue 0.399097 ms)
[06/01/2026-17:29:22] [I] Average on 20 runs - GPU latency: 1.01047 ms - Host latency: 1.04458 ms (enqueue 0.381763 ms)
[06/01/2026-17:29:22] [I] Average on 20 runs - GPU latency: 1.01044 ms - Host latency: 1.04495 ms (enqueue 0.387024 ms)
[06/01/2026-17:29:22] [I] Average on 20 runs - GPU latency: 1.01152 ms - Host latency: 1.04766 ms (enqueue 0.400757 ms)
[06/01/2026-17:29:22] [I] Average on 20 runs - GPU latency: 1.01008 ms - Host latency: 1.04551 ms (enqueue 0.382642 ms)
[06/01/2026-17:29:22] [I] Average on 20 runs - GPU latency: 1.01177 ms - Host latency: 1.04647 ms (enqueue 0.384033 ms)
[06/01/2026-17:29:22] [I] Average on 20 runs - GPU latency: 1.01002 ms - Host latency: 1.04651 ms (enqueue 0.399048 ms)
[06/01/2026-17:29:22] [I] Average on 20 runs - GPU latency: 1.01036 ms - Host latency: 1.04686 ms (enqueue 0.384607 ms)
[06/01/2026-17:29:22] [I] Average on 20 runs - GPU latency: 1.01139 ms - Host latency: 1.04594 ms (enqueue 0.380823 ms)
[06/01/2026-17:29:22] [I] Average on 20 runs - GPU latency: 1.01099 ms - Host latency: 1.04618 ms (enqueue 0.397583 ms)
[06/01/2026-17:29:22] [I] Average on 20 runs - GPU latency: 1.01143 ms - Host latency: 1.04932 ms (enqueue 0.389526 ms)
[06/01/2026-17:29:22] [I] Average on 20 runs - GPU latency: 1.01077 ms - Host latency: 1.04626 ms (enqueue 0.383911 ms)
[06/01/2026-17:29:22] [I] Average on 20 runs - GPU latency: 1.01063 ms - Host latency: 1.04583 ms (enqueue 0.393848 ms)
[06/01/2026-17:29:22] [I] Average on 20 runs - GPU latency: 1.01116 ms - Host latency: 1.04694 ms (enqueue 0.391785 ms)
[06/01/2026-17:29:22] [I] Average on 20 runs - GPU latency: 1.01143 ms - Host latency: 1.04724 ms (enqueue 0.384351 ms)
[06/01/2026-17:29:22] [I] Average on 20 runs - GPU latency: 1.01138 ms - Host latency: 1.04918 ms (enqueue 0.389233 ms)
[06/01/2026-17:29:22] [I] Average on 20 runs - GPU latency: 1.01073 ms - Host latency: 1.04528 ms (enqueue 0.39906 ms)
[06/01/2026-17:29:22] [I] Average on 20 runs - GPU latency: 1.01146 ms - Host latency: 1.04751 ms (enqueue 0.387219 ms)
[06/01/2026-17:29:22] [I] Average on 20 runs - GPU latency: 1.01138 ms - Host latency: 1.04717 ms (enqueue 0.397314 ms)
[06/01/2026-17:29:22] [I] Average on 20 runs - GPU latency: 1.01083 ms - Host latency: 1.04725 ms (enqueue 0.393701 ms)
[06/01/2026-17:29:22] [I] Average on 20 runs - GPU latency: 1.01002 ms - Host latency: 1.04741 ms (enqueue 0.398279 ms)
[06/01/2026-17:29:22] [I] Average on 20 runs - GPU latency: 1.01079 ms - Host latency: 1.04774 ms (enqueue 0.393921 ms)
[06/01/2026-17:29:22] [I] Average on 20 runs - GPU latency: 1.01113 ms - Host latency: 1.04529 ms (enqueue 0.401001 ms)
[06/01/2026-17:29:22] [I] Average on 20 runs - GPU latency: 1.01143 ms - Host latency: 1.04818 ms (enqueue 0.384827 ms)
[06/01/2026-17:29:22] [I] Average on 20 runs - GPU latency: 1.01062 ms - Host latency: 1.04601 ms (enqueue 0.381604 ms)
[06/01/2026-17:29:22] [I] Average on 20 runs - GPU latency: 1.01086 ms - Host latency: 1.04617 ms (enqueue 0.396655 ms)
[06/01/2026-17:29:22] [I] Average on 20 runs - GPU latency: 1.01096 ms - Host latency: 1.04801 ms (enqueue 0.389014 ms)
[06/01/2026-17:29:22] [I] Average on 20 runs - GPU latency: 1.01138 ms - Host latency: 1.04678 ms (enqueue 0.386157 ms)
[06/01/2026-17:29:22] [I] Average on 20 runs - GPU latency: 1.01101 ms - Host latency: 1.04673 ms (enqueue 0.393982 ms)
[06/01/2026-17:29:22] [I] Average on 20 runs - GPU latency: 1.0113 ms - Host latency: 1.04833 ms (enqueue 0.396448 ms)
[06/01/2026-17:29:22] [I] Average on 20 runs - GPU latency: 1.01061 ms - Host latency: 1.04559 ms (enqueue 0.385913 ms)
[06/01/2026-17:29:22] [I] Average on 20 runs - GPU latency: 1.01052 ms - Host latency: 1.04659 ms (enqueue 0.397412 ms)
[06/01/2026-17:29:22] [I] Average on 20 runs - GPU latency: 1.01085 ms - Host latency: 1.04719 ms (enqueue 0.395239 ms)
[06/01/2026-17:29:22] [I] Average on 20 runs - GPU latency: 1.01198 ms - Host latency: 1.0479 ms (enqueue 0.387219 ms)
[06/01/2026-17:29:22] [I] Average on 20 runs - GPU latency: 1.0103 ms - Host latency: 1.04506 ms (enqueue 0.376733 ms)
[06/01/2026-17:29:22] [I] Average on 20 runs - GPU latency: 1.0111 ms - Host latency: 1.04745 ms (enqueue 0.401099 ms)
[06/01/2026-17:29:22] [I] Average on 20 runs - GPU latency: 1.01123 ms - Host latency: 1.04708 ms (enqueue 0.386621 ms)
[06/01/2026-17:29:22] [I] Average on 20 runs - GPU latency: 1.01052 ms - Host latency: 1.04694 ms (enqueue 0.385364 ms)
[06/01/2026-17:29:22] [I] Average on 20 runs - GPU latency: 1.01104 ms - Host latency: 1.0452 ms (enqueue 0.401392 ms)
[06/01/2026-17:29:22] [I] Average on 20 runs - GPU latency: 1.01245 ms - Host latency: 1.04751 ms (enqueue 0.384863 ms)
[06/01/2026-17:29:22] [I] Average on 20 runs - GPU latency: 1.01101 ms - Host latency: 1.04639 ms (enqueue 0.385376 ms)
[06/01/2026-17:29:22] [I] Average on 20 runs - GPU latency: 1.0105 ms - Host latency: 1.04646 ms (enqueue 0.403125 ms)
[06/01/2026-17:29:22] [I] Average on 20 runs - GPU latency: 1.01138 ms - Host latency: 1.04768 ms (enqueue 0.391504 ms)
[06/01/2026-17:29:22] [I] Average on 20 runs - GPU latency: 1.01018 ms - Host latency: 1.04705 ms (enqueue 0.38999 ms)
[06/01/2026-17:29:22] [I] Average on 20 runs - GPU latency: 1.01064 ms - Host latency: 1.04746 ms (enqueue 0.403711 ms)
[06/01/2026-17:29:22] [I] Average on 20 runs - GPU latency: 1.01067 ms - Host latency: 1.04868 ms (enqueue 0.39187 ms)
[06/01/2026-17:29:22] [I] Average on 20 runs - GPU latency: 1.01047 ms - Host latency: 1.04636 ms (enqueue 0.386084 ms)
[06/01/2026-17:29:22] [I] Average on 20 runs - GPU latency: 1.01113 ms - Host latency: 1.04624 ms (enqueue 0.394312 ms)
[06/01/2026-17:29:22] [I] ... Omitting 1850 lines
[06/01/2026-17:29:22] [I] Average on 20 runs - GPU latency: 1.01116 ms - Host latency: 1.04578 ms (enqueue 0.385083 ms)
[06/01/2026-17:29:22] [I] Average on 20 runs - GPU latency: 1.00991 ms - Host latency: 1.04495 ms (enqueue 0.395947 ms)
[06/01/2026-17:29:22] [I] Average on 20 runs - GPU latency: 1.01089 ms - Host latency: 1.04546 ms (enqueue 0.392432 ms)
[06/01/2026-17:29:22] [I] Average on 20 runs - GPU latency: 1.01179 ms - Host latency: 1.04651 ms (enqueue 0.383423 ms)
[06/01/2026-17:29:22] [I] Average on 20 runs - GPU latency: 1.01047 ms - Host latency: 1.04534 ms (enqueue 0.389453 ms)
[06/01/2026-17:29:22] [I] Average on 20 runs - GPU latency: 1.01016 ms - Host latency: 1.04543 ms (enqueue 0.399072 ms)
[06/01/2026-17:29:22] [I] Average on 20 runs - GPU latency: 1.01091 ms - Host latency: 1.04568 ms (enqueue 0.383643 ms)
[06/01/2026-17:29:22] [I] Average on 20 runs - GPU latency: 1.01086 ms - Host latency: 1.04521 ms (enqueue 0.382886 ms)
[06/01/2026-17:29:22] [I] Average on 20 runs - GPU latency: 1.01013 ms - Host latency: 1.0459 ms (enqueue 0.399243 ms)
[06/01/2026-17:29:22] [I] Average on 20 runs - GPU latency: 1.00994 ms - Host latency: 1.04521 ms (enqueue 0.386353 ms)
[06/01/2026-17:29:22] [I] Average on 20 runs - GPU latency: 1.01021 ms - Host latency: 1.04458 ms (enqueue 0.384204 ms)
[06/01/2026-17:29:22] [I] Average on 20 runs - GPU latency: 1.01099 ms - Host latency: 1.04575 ms (enqueue 0.392627 ms)
[06/01/2026-17:29:22] [I] Average on 20 runs - GPU latency: 1.01047 ms - Host latency: 1.04502 ms (enqueue 0.390869 ms)
[06/01/2026-17:29:22] [I] Average on 20 runs - GPU latency: 1.01108 ms - Host latency: 1.046 ms (enqueue 0.383618 ms)
[06/01/2026-17:29:22] [I] Average on 20 runs - GPU latency: 1.01038 ms - Host latency: 1.04539 ms (enqueue 0.393701 ms)
[06/01/2026-17:29:22] [I] Average on 20 runs - GPU latency: 1.00984 ms - Host latency: 1.04517 ms (enqueue 0.389893 ms)
[06/01/2026-17:29:22] [I] Average on 20 runs - GPU latency: 1.00928 ms - Host latency: 1.0457 ms (enqueue 0.39209 ms)
[06/01/2026-17:29:22] [I] Average on 20 runs - GPU latency: 1.01011 ms - Host latency: 1.046 ms (enqueue 0.386377 ms)
[06/01/2026-17:29:22] [I] Average on 20 runs - GPU latency: 1.00999 ms - Host latency: 1.04595 ms (enqueue 0.403711 ms)
[06/01/2026-17:29:22] [I] Average on 20 runs - GPU latency: 1.01082 ms - Host latency: 1.05044 ms (enqueue 0.38811 ms)
[06/01/2026-17:29:22] [I] Average on 20 runs - GPU latency: 1.01033 ms - Host latency: 1.0469 ms (enqueue 0.385181 ms)
[06/01/2026-17:29:22] [I] Average on 20 runs - GPU latency: 1.01033 ms - Host latency: 1.04678 ms (enqueue 0.400684 ms)
[06/01/2026-17:29:22] [I] Average on 20 runs - GPU latency: 1.01021 ms - Host latency: 1.04626 ms (enqueue 0.398462 ms)
[06/01/2026-17:29:22] [I] Average on 20 runs - GPU latency: 1.01125 ms - Host latency: 1.04604 ms (enqueue 0.382837 ms)
[06/01/2026-17:29:22] [I] Average on 20 runs - GPU latency: 1.01052 ms - Host latency: 1.04636 ms (enqueue 0.396118 ms)
[06/01/2026-17:29:22] [I] Average on 20 runs - GPU latency: 1.01042 ms - Host latency: 1.04714 ms (enqueue 0.400488 ms)
[06/01/2026-17:29:22] [I] Average on 20 runs - GPU latency: 1.01111 ms - Host latency: 1.04722 ms (enqueue 0.384717 ms)
[06/01/2026-17:29:22] [I] Average on 20 runs - GPU latency: 1.01069 ms - Host latency: 1.04641 ms (enqueue 0.389722 ms)
[06/01/2026-17:29:22] [I] Average on 20 runs - GPU latency: 1.01074 ms - Host latency: 1.047 ms (enqueue 0.403052 ms)
[06/01/2026-17:29:22] [I] Average on 20 runs - GPU latency: 1.01064 ms - Host latency: 1.04983 ms (enqueue 0.395776 ms)
[06/01/2026-17:29:22] [I] Average on 20 runs - GPU latency: 1.00981 ms - Host latency: 1.04656 ms (enqueue 0.386816 ms)
[06/01/2026-17:29:22] [I] Average on 20 runs - GPU latency: 1.00981 ms - Host latency: 1.04622 ms (enqueue 0.423584 ms)
[06/01/2026-17:29:22] [I] Average on 20 runs - GPU latency: 1.01096 ms - Host latency: 1.04836 ms (enqueue 0.396338 ms)
[06/01/2026-17:29:22] [I] Average on 20 runs - GPU latency: 1.01023 ms - Host latency: 1.04658 ms (enqueue 0.384277 ms)
[06/01/2026-17:29:22] [I] Average on 20 runs - GPU latency: 1.01035 ms - Host latency: 1.04478 ms (enqueue 0.393872 ms)
[06/01/2026-17:29:22] [I] Average on 20 runs - GPU latency: 1.01062 ms - Host latency: 1.04626 ms (enqueue 0.390308 ms)
[06/01/2026-17:29:22] [I] Average on 20 runs - GPU latency: 1.01152 ms - Host latency: 1.04509 ms (enqueue 0.378906 ms)
[06/01/2026-17:29:22] [I] Average on 20 runs - GPU latency: 1.01055 ms - Host latency: 1.04465 ms (enqueue 0.385889 ms)
[06/01/2026-17:29:22] [I] Average on 20 runs - GPU latency: 1.01003 ms - Host latency: 1.04424 ms (enqueue 0.394824 ms)
[06/01/2026-17:29:22] [I] Average on 20 runs - GPU latency: 1.01138 ms - Host latency: 1.04517 ms (enqueue 0.384473 ms)
[06/01/2026-17:29:22] [I] Average on 20 runs - GPU latency: 1.01174 ms - Host latency: 1.0459 ms (enqueue 0.389429 ms)
[06/01/2026-17:29:22] [I] Average on 20 runs - GPU latency: 1.01172 ms - Host latency: 1.04707 ms (enqueue 0.395996 ms)
[06/01/2026-17:29:22] [I] Average on 20 runs - GPU latency: 1.01084 ms - Host latency: 1.04487 ms (enqueue 0.382642 ms)
[06/01/2026-17:29:22] [I] Average on 20 runs - GPU latency: 1.01133 ms - Host latency: 1.04517 ms (enqueue 0.384448 ms)
[06/01/2026-17:29:22] [I] Average on 20 runs - GPU latency: 1.01187 ms - Host latency: 1.04683 ms (enqueue 0.398779 ms)
[06/01/2026-17:29:22] [I] Average on 20 runs - GPU latency: 1.01028 ms - Host latency: 1.04556 ms (enqueue 0.383789 ms)
[06/01/2026-17:29:22] [I] Average on 20 runs - GPU latency: 1.0113 ms - Host latency: 1.04568 ms (enqueue 0.383862 ms)
[06/01/2026-17:29:22] [I] Average on 20 runs - GPU latency: 1.01145 ms - Host latency: 1.04551 ms (enqueue 0.398853 ms)
[06/01/2026-17:29:22] [I] Average on 20 runs - GPU latency: 1.01018 ms - Host latency: 1.04382 ms (enqueue 0.384814 ms)
[06/01/2026-17:29:22] [I] Average on 20 runs - GPU latency: 1.01096 ms - Host latency: 1.0447 ms (enqueue 0.381494 ms)
[06/01/2026-17:29:22] [I] Average on 20 runs - GPU latency: 1.01042 ms - Host latency: 1.04534 ms (enqueue 0.392871 ms)
[06/01/2026-17:29:22] [I] Average on 20 runs - GPU latency: 1.01169 ms - Host latency: 1.04539 ms (enqueue 0.38855 ms)
[06/01/2026-17:29:22] [I] Average on 20 runs - GPU latency: 1.01023 ms - Host latency: 1.04497 ms (enqueue 0.382471 ms)
[06/01/2026-17:29:22] [I] Average on 20 runs - GPU latency: 1.01011 ms - Host latency: 1.04556 ms (enqueue 0.396289 ms)
[06/01/2026-17:29:22] [I] Average on 20 runs - GPU latency: 1.01018 ms - Host latency: 1.04407 ms (enqueue 0.392017 ms)
[06/01/2026-17:29:22] [I] Average on 20 runs - GPU latency: 1.00967 ms - Host latency: 1.04805 ms (enqueue 0.394678 ms)
[06/01/2026-17:29:22] [I] Average on 20 runs - GPU latency: 1.0106 ms - Host latency: 1.04683 ms (enqueue 0.386865 ms)
[06/01/2026-17:29:22] [I] Average on 20 runs - GPU latency: 1.01091 ms - Host latency: 1.04541 ms (enqueue 0.402759 ms)
[06/01/2026-17:29:22] [I] Average on 20 runs - GPU latency: 1.01025 ms - Host latency: 1.04609 ms (enqueue 0.383643 ms)
[06/01/2026-17:29:22] [I] Average on 20 runs - GPU latency: 1.0106 ms - Host latency: 1.04656 ms (enqueue 0.385718 ms)
[06/01/2026-17:29:22] [I] Average on 20 runs - GPU latency: 1.01062 ms - Host latency: 1.04585 ms (enqueue 0.398145 ms)
[06/01/2026-17:29:22] [I] Average on 20 runs - GPU latency: 1.01062 ms - Host latency: 1.04753 ms (enqueue 0.39165 ms)
[06/01/2026-17:29:22] [I] Average on 20 runs - GPU latency: 1.00994 ms - Host latency: 1.04426 ms (enqueue 0.384229 ms)
[06/01/2026-17:29:22] [I] Average on 20 runs - GPU latency: 1.01047 ms - Host latency: 1.04524 ms (enqueue 0.389282 ms)
[06/01/2026-17:29:22] [I] Average on 20 runs - GPU latency: 1.01016 ms - Host latency: 1.04661 ms (enqueue 0.400195 ms)
[06/01/2026-17:29:22] [I] Average on 20 runs - GPU latency: 1.01094 ms - Host latency: 1.04634 ms (enqueue 0.383789 ms)
[06/01/2026-17:29:22] [I] Average on 20 runs - GPU latency: 1.0105 ms - Host latency: 1.04558 ms (enqueue 0.388135 ms)
[06/01/2026-17:29:22] [I] Average on 20 runs - GPU latency: 1.01023 ms - Host latency: 1.04487 ms (enqueue 0.398706 ms)
[06/01/2026-17:29:22] [I] Average on 20 runs - GPU latency: 1.00911 ms - Host latency: 1.04414 ms (enqueue 0.381348 ms)
[06/01/2026-17:29:22] [I] Average on 20 runs - GPU latency: 1.0105 ms - Host latency: 1.0446 ms (enqueue 0.382422 ms)
[06/01/2026-17:29:22] [I] Average on 20 runs - GPU latency: 1.01006 ms - Host latency: 1.04468 ms (enqueue 0.40791 ms)
[06/01/2026-17:29:22] [I] Average on 20 runs - GPU latency: 1.01018 ms - Host latency: 1.04739 ms (enqueue 0.392139 ms)
[06/01/2026-17:29:22] [I] Average on 20 runs - GPU latency: 1.01125 ms - Host latency: 1.046 ms (enqueue 0.380957 ms)
[06/01/2026-17:29:22] [I] Average on 20 runs - GPU latency: 1.01028 ms - Host latency: 1.04509 ms (enqueue 0.397119 ms)
[06/01/2026-17:29:22] [I] Average on 20 runs - GPU latency: 1.01084 ms - Host latency: 1.04556 ms (enqueue 0.394238 ms)
[06/01/2026-17:29:22] [I] Average on 20 runs - GPU latency: 1.01116 ms - Host latency: 1.04746 ms (enqueue 0.391333 ms)
[06/01/2026-17:29:22] [I] Average on 20 runs - GPU latency: 1.01035 ms - Host latency: 1.04644 ms (enqueue 0.388843 ms)
[06/01/2026-17:29:22] [I] Average on 20 runs - GPU latency: 1.01006 ms - Host latency: 1.0457 ms (enqueue 0.403418 ms)
[06/01/2026-17:29:22] [I] Average on 20 runs - GPU latency: 1.01101 ms - Host latency: 1.04651 ms (enqueue 0.38252 ms)
[06/01/2026-17:29:22] [I] Average on 20 runs - GPU latency: 1.01101 ms - Host latency: 1.04912 ms (enqueue 0.397705 ms)
[06/01/2026-17:29:22] [I] Average on 20 runs - GPU latency: 1.01069 ms - Host latency: 1.04656 ms (enqueue 0.397192 ms)
[06/01/2026-17:29:22] [I] Average on 20 runs - GPU latency: 1.00957 ms - Host latency: 1.04336 ms (enqueue 0.385303 ms)
[06/01/2026-17:29:22] [I] Average on 20 runs - GPU latency: 1.01038 ms - Host latency: 1.04392 ms (enqueue 0.381738 ms)
[06/01/2026-17:29:22] [I] Average on 20 runs - GPU latency: 1.01152 ms - Host latency: 1.04612 ms (enqueue 0.398828 ms)
[06/01/2026-17:29:22] [I] Average on 20 runs - GPU latency: 1.01111 ms - Host latency: 1.04768 ms (enqueue 0.384375 ms)
[06/01/2026-17:29:22] [I] Average on 20 runs - GPU latency: 1.01099 ms - Host latency: 1.04553 ms (enqueue 0.381592 ms)
[06/01/2026-17:29:22] [I] Average on 20 runs - GPU latency: 1.0113 ms - Host latency: 1.04497 ms (enqueue 0.392603 ms)
[06/01/2026-17:29:22] [I] Average on 20 runs - GPU latency: 1.01096 ms - Host latency: 1.04492 ms (enqueue 0.388599 ms)
[06/01/2026-17:29:22] [I] Average on 20 runs - GPU latency: 1.01079 ms - Host latency: 1.04495 ms (enqueue 0.383008 ms)
[06/01/2026-17:29:22] [I] Average on 20 runs - GPU latency: 1.01147 ms - Host latency: 1.04648 ms (enqueue 0.390234 ms)
[06/01/2026-17:29:22] [I] Average on 20 runs - GPU latency: 1.0113 ms - Host latency: 1.04944 ms (enqueue 0.39978 ms)
[06/01/2026-17:29:22] [I] Average on 20 runs - GPU latency: 1.01055 ms - Host latency: 1.04617 ms (enqueue 0.384839 ms)
[06/01/2026-17:29:22] [I] Average on 20 runs - GPU latency: 1.01033 ms - Host latency: 1.04604 ms (enqueue 0.387427 ms)
[06/01/2026-17:29:22] [I] Average on 20 runs - GPU latency: 1.0115 ms - Host latency: 1.04744 ms (enqueue 0.403223 ms)
[06/01/2026-17:29:22] [I] Average on 20 runs - GPU latency: 1.01072 ms - Host latency: 1.0467 ms (enqueue 0.386963 ms)
[06/01/2026-17:29:22] [I] Average on 20 runs - GPU latency: 1.01064 ms - Host latency: 1.04473 ms (enqueue 0.380054 ms)
[06/01/2026-17:29:22] [I] Average on 20 runs - GPU latency: 1.01145 ms - Host latency: 1.04656 ms (enqueue 0.402075 ms)
[06/01/2026-17:29:22] [I] Average on 20 runs - GPU latency: 1.01021 ms - Host latency: 1.04609 ms (enqueue 0.388379 ms)
[06/01/2026-17:29:22] [I] Average on 20 runs - GPU latency: 1.01052 ms - Host latency: 1.04524 ms (enqueue 0.387256 ms)
[06/01/2026-17:29:22] [I] Average on 20 runs - GPU latency: 1.01123 ms - Host latency: 1.04592 ms (enqueue 0.397266 ms)
[06/01/2026-17:29:22] [I] Average on 20 runs - GPU latency: 1.01167 ms - Host latency: 1.04739 ms (enqueue 0.392358 ms)
[06/01/2026-17:29:22] [I] Average on 20 runs - GPU latency: 1.01018 ms - Host latency: 1.04714 ms (enqueue 0.388184 ms)
[06/01/2026-17:29:22] [I] Average on 20 runs - GPU latency: 1.01079 ms - Host latency: 1.04614 ms (enqueue 0.393994 ms)
[06/01/2026-17:29:22] [I] Average on 20 runs - GPU latency: 1.01045 ms - Host latency: 1.046 ms (enqueue 0.39668 ms)
[06/01/2026-17:29:22] [I] Average on 20 runs - GPU latency: 1.01069 ms - Host latency: 1.04736 ms (enqueue 0.387354 ms)
[06/01/2026-17:29:22] [I] Average on 20 runs - GPU latency: 1.01079 ms - Host latency: 1.04634 ms (enqueue 0.392041 ms)
[06/01/2026-17:29:22] [I] Average on 20 runs - GPU latency: 1.01016 ms - Host latency: 1.04531 ms (enqueue 0.399854 ms)
[06/01/2026-17:29:22] [I] Average on 20 runs - GPU latency: 1.0104 ms - Host latency: 1.04692 ms (enqueue 0.387451 ms)
[06/01/2026-17:29:22] [I] Average on 20 runs - GPU latency: 1.01113 ms - Host latency: 1.04678 ms (enqueue 0.388672 ms)
[06/01/2026-17:29:22] [I] Average on 20 runs - GPU latency: 1.01152 ms - Host latency: 1.04663 ms (enqueue 0.404199 ms)
[06/01/2026-17:29:22] [I] Average on 20 runs - GPU latency: 1.01079 ms - Host latency: 1.04785 ms (enqueue 0.381689 ms)
[06/01/2026-17:29:22] [I] Average on 20 runs - GPU latency: 1.01069 ms - Host latency: 1.04775 ms (enqueue 0.388281 ms)
[06/01/2026-17:29:22] [I] Average on 20 runs - GPU latency: 1.01089 ms - Host latency: 1.04722 ms (enqueue 0.399805 ms)
[06/01/2026-17:29:22] [I] Average on 20 runs - GPU latency: 1.01113 ms - Host latency: 1.04775 ms (enqueue 0.392188 ms)
[06/01/2026-17:29:22] [I] Average on 20 runs - GPU latency: 1.01104 ms - Host latency: 1.04746 ms (enqueue 0.384424 ms)
[06/01/2026-17:29:22] [I] Average on 20 runs - GPU latency: 1.01064 ms - Host latency: 1.04653 ms (enqueue 0.392969 ms)
[06/01/2026-17:29:22] [I] Average on 20 runs - GPU latency: 1.0104 ms - Host latency: 1.04595 ms (enqueue 0.398975 ms)
[06/01/2026-17:29:22] [I] Average on 20 runs - GPU latency: 1.01025 ms - Host latency: 1.04624 ms (enqueue 0.384717 ms)
[06/01/2026-17:29:22] [I] Average on 20 runs - GPU latency: 1.01001 ms - Host latency: 1.04678 ms (enqueue 0.392578 ms)
[06/01/2026-17:29:22] [I] Average on 20 runs - GPU latency: 1.01089 ms - Host latency: 1.04922 ms (enqueue 0.39375 ms)
[06/01/2026-17:29:22] [I] Average on 20 runs - GPU latency: 1.01089 ms - Host latency: 1.04565 ms (enqueue 0.384814 ms)
[06/01/2026-17:29:22] [I] Average on 20 runs - GPU latency: 1.00991 ms - Host latency: 1.04365 ms (enqueue 0.382764 ms)
[06/01/2026-17:29:22] [I] Average on 20 runs - GPU latency: 1.01074 ms - Host latency: 1.04756 ms (enqueue 0.404834 ms)
[06/01/2026-17:29:22] [I] Average on 20 runs - GPU latency: 1.01074 ms - Host latency: 1.04663 ms (enqueue 0.390283 ms)
[06/01/2026-17:29:22] [I] Average on 20 runs - GPU latency: 1.01167 ms - Host latency: 1.04634 ms (enqueue 0.382959 ms)
[06/01/2026-17:29:22] [I] Average on 20 runs - GPU latency: 1.01123 ms - Host latency: 1.04697 ms (enqueue 0.400049 ms)
[06/01/2026-17:29:22] [I] Average on 20 runs - GPU latency: 1.01035 ms - Host latency: 1.04268 ms (enqueue 0.33042 ms)
[06/01/2026-17:29:22] [I] Average on 20 runs - GPU latency: 1.01157 ms - Host latency: 1.04482 ms (enqueue 0.357861 ms)
[06/01/2026-17:29:22] [I] Average on 20 runs - GPU latency: 1.01016 ms - Host latency: 1.04434 ms (enqueue 0.393262 ms)
[06/01/2026-17:29:22] [I] Average on 20 runs - GPU latency: 1.00918 ms - Host latency: 1.04453 ms (enqueue 0.390039 ms)
[06/01/2026-17:29:22] [I] Average on 20 runs - GPU latency: 1.01006 ms - Host latency: 1.04653 ms (enqueue 0.370752 ms)
[06/01/2026-17:29:22] [I] Average on 20 runs - GPU latency: 1.00967 ms - Host latency: 1.04419 ms (enqueue 0.391846 ms)
[06/01/2026-17:29:22] [I] Average on 20 runs - GPU latency: 1.01074 ms - Host latency: 1.04702 ms (enqueue 0.401221 ms)
[06/01/2026-17:29:22] [I] Average on 20 runs - GPU latency: 1.01021 ms - Host latency: 1.04673 ms (enqueue 0.386719 ms)
[06/01/2026-17:29:22] [I] Average on 20 runs - GPU latency: 1.01099 ms - Host latency: 1.04727 ms (enqueue 0.386279 ms)
[06/01/2026-17:29:22] [I] Average on 20 runs - GPU latency: 1.01025 ms - Host latency: 1.04619 ms (enqueue 0.402393 ms)
[06/01/2026-17:29:22] [I] Average on 20 runs - GPU latency: 1.00977 ms - Host latency: 1.04468 ms (enqueue 0.384375 ms)
[06/01/2026-17:29:22] [I] Average on 20 runs - GPU latency: 1.01021 ms - Host latency: 1.04526 ms (enqueue 0.383887 ms)
[06/01/2026-17:29:22] [I] Average on 20 runs - GPU latency: 1.0103 ms - Host latency: 1.04565 ms (enqueue 0.387842 ms)
[06/01/2026-17:29:22] [I] Average on 20 runs - GPU latency: 1.01108 ms - Host latency: 1.04727 ms (enqueue 0.396191 ms)
[06/01/2026-17:29:22] [I] Average on 20 runs - GPU latency: 1.01006 ms - Host latency: 1.04639 ms (enqueue 0.383691 ms)
[06/01/2026-17:29:22] [I] Average on 20 runs - GPU latency: 1.01055 ms - Host latency: 1.04492 ms (enqueue 0.385596 ms)
[06/01/2026-17:29:22] [I] Average on 20 runs - GPU latency: 1.00991 ms - Host latency: 1.04507 ms (enqueue 0.402881 ms)
[06/01/2026-17:29:22] [I] Average on 20 runs - GPU latency: 1.01123 ms - Host latency: 1.04727 ms (enqueue 0.389697 ms)
[06/01/2026-17:29:22] [I] Average on 20 runs - GPU latency: 1.00996 ms - Host latency: 1.04624 ms (enqueue 0.384424 ms)
[06/01/2026-17:29:22] [I] Average on 20 runs - GPU latency: 1.01128 ms - Host latency: 1.04707 ms (enqueue 0.405469 ms)
[06/01/2026-17:29:22] [I] Average on 20 runs - GPU latency: 1.01128 ms - Host latency: 1.04868 ms (enqueue 0.38916 ms)
[06/01/2026-17:29:22] [I] Average on 20 runs - GPU latency: 1.01104 ms - Host latency: 1.04653 ms (enqueue 0.38418 ms)
[06/01/2026-17:29:22] [I] Average on 20 runs - GPU latency: 1.01016 ms - Host latency: 1.04609 ms (enqueue 0.399121 ms)
[06/01/2026-17:29:22] [I] Average on 20 runs - GPU latency: 1.01074 ms - Host latency: 1.04883 ms (enqueue 0.394824 ms)
[06/01/2026-17:29:22] [I] Average on 20 runs - GPU latency: 1.00933 ms - Host latency: 1.04409 ms (enqueue 0.382275 ms)
[06/01/2026-17:29:22] [I] Average on 20 runs - GPU latency: 1.01011 ms - Host latency: 1.04565 ms (enqueue 0.38999 ms)
[06/01/2026-17:29:22] [I] Average on 20 runs - GPU latency: 1.01021 ms - Host latency: 1.04473 ms (enqueue 0.399219 ms)
[06/01/2026-17:29:22] [I] Average on 20 runs - GPU latency: 1.01099 ms - Host latency: 1.04648 ms (enqueue 0.384766 ms)
[06/01/2026-17:29:22] [I] Average on 20 runs - GPU latency: 1.01025 ms - Host latency: 1.04585 ms (enqueue 0.385498 ms)
[06/01/2026-17:29:22] [I] Average on 20 runs - GPU latency: 1.01143 ms - Host latency: 1.04668 ms (enqueue 0.399951 ms)
[06/01/2026-17:29:22] [I] Average on 20 runs - GPU latency: 1.01172 ms - Host latency: 1.04702 ms (enqueue 0.383252 ms)
[06/01/2026-17:29:22] [I] Average on 20 runs - GPU latency: 1.01099 ms - Host latency: 1.04512 ms (enqueue 0.381348 ms)
[06/01/2026-17:29:22] [I] Average on 20 runs - GPU latency: 1.01172 ms - Host latency: 1.04868 ms (enqueue 0.40376 ms)
[06/01/2026-17:29:22] [I] Average on 20 runs - GPU latency: 1.01104 ms - Host latency: 1.04697 ms (enqueue 0.386621 ms)
[06/01/2026-17:29:22] [I] Average on 20 runs - GPU latency: 1.01157 ms - Host latency: 1.04741 ms (enqueue 0.38374 ms)
[06/01/2026-17:29:22] [I] Average on 20 runs - GPU latency: 1.01045 ms - Host latency: 1.04678 ms (enqueue 0.403564 ms)
[06/01/2026-17:29:22] [I] Average on 20 runs - GPU latency: 1.01152 ms - Host latency: 1.04751 ms (enqueue 0.39126 ms)
[06/01/2026-17:29:22] [I] Average on 20 runs - GPU latency: 1.01064 ms - Host latency: 1.04497 ms (enqueue 0.379248 ms)
[06/01/2026-17:29:22] [I] Average on 20 runs - GPU latency: 1.01157 ms - Host latency: 1.04697 ms (enqueue 0.389014 ms)
[06/01/2026-17:29:22] [I] Average on 20 runs - GPU latency: 1.01094 ms - Host latency: 1.04604 ms (enqueue 0.390137 ms)
[06/01/2026-17:29:22] [I] Average on 20 runs - GPU latency: 1.01099 ms - Host latency: 1.04536 ms (enqueue 0.385547 ms)
[06/01/2026-17:29:22] [I] Average on 20 runs - GPU latency: 1.01143 ms - Host latency: 1.04609 ms (enqueue 0.390771 ms)
[06/01/2026-17:29:22] [I] Average on 20 runs - GPU latency: 1.01138 ms - Host latency: 1.04678 ms (enqueue 0.392773 ms)
[06/01/2026-17:29:22] [I] Average on 20 runs - GPU latency: 1.01055 ms - Host latency: 1.04512 ms (enqueue 0.381592 ms)
[06/01/2026-17:29:22] [I] Average on 20 runs - GPU latency: 1.01123 ms - Host latency: 1.04839 ms (enqueue 0.397607 ms)
[06/01/2026-17:29:22] [I] Average on 20 runs - GPU latency: 1.01064 ms - Host latency: 1.05054 ms (enqueue 0.402637 ms)
[06/01/2026-17:29:22] [I] Average on 20 runs - GPU latency: 1.01069 ms - Host latency: 1.04712 ms (enqueue 0.384619 ms)
[06/01/2026-17:29:22] [I] Average on 20 runs - GPU latency: 1.01055 ms - Host latency: 1.04722 ms (enqueue 0.389307 ms)
[06/01/2026-17:29:22] [I] Average on 20 runs - GPU latency: 1.01104 ms - Host latency: 1.04629 ms (enqueue 0.397266 ms)
[06/01/2026-17:29:22] [I] Average on 20 runs - GPU latency: 1.01025 ms - Host latency: 1.04531 ms (enqueue 0.386182 ms)
[06/01/2026-17:29:22] [I] Average on 20 runs - GPU latency: 1.00967 ms - Host latency: 1.05073 ms (enqueue 0.391064 ms)
[06/01/2026-17:29:22] [I] Average on 20 runs - GPU latency: 1.01138 ms - Host latency: 1.04844 ms (enqueue 0.404639 ms)
[06/01/2026-17:29:22] [I] Average on 20 runs - GPU latency: 1.01016 ms - Host latency: 1.04419 ms (enqueue 0.393652 ms)
[06/01/2026-17:29:22] [I] Average on 20 runs - GPU latency: 1.0103 ms - Host latency: 1.04746 ms (enqueue 0.389209 ms)
[06/01/2026-17:29:22] [I] Average on 20 runs - GPU latency: 1.01001 ms - Host latency: 1.04741 ms (enqueue 0.395117 ms)
[06/01/2026-17:29:22] [I] Average on 20 runs - GPU latency: 1.01108 ms - Host latency: 1.04897 ms (enqueue 0.396924 ms)
[06/01/2026-17:29:22] [I] Average on 20 runs - GPU latency: 1.01143 ms - Host latency: 1.04668 ms (enqueue 0.384473 ms)
[06/01/2026-17:29:22] [I] Average on 20 runs - GPU latency: 1.01108 ms - Host latency: 1.04678 ms (enqueue 0.389795 ms)
[06/01/2026-17:29:22] [I] Average on 20 runs - GPU latency: 1.01187 ms - Host latency: 1.04717 ms (enqueue 0.394531 ms)
[06/01/2026-17:29:22] [I] Average on 20 runs - GPU latency: 1.0106 ms - Host latency: 1.04507 ms (enqueue 0.385107 ms)
[06/01/2026-17:29:22] [I] Average on 20 runs - GPU latency: 1.01084 ms - Host latency: 1.04565 ms (enqueue 0.386426 ms)
[06/01/2026-17:29:22] [I] Average on 20 runs - GPU latency: 1.01045 ms - Host latency: 1.0458 ms (enqueue 0.39707 ms)
[06/01/2026-17:29:22] [I] Average on 20 runs - GPU latency: 1.01143 ms - Host latency: 1.04971 ms (enqueue 0.382812 ms)
[06/01/2026-17:29:22] [I] Average on 20 runs - GPU latency: 1.01157 ms - Host latency: 1.04678 ms (enqueue 0.382959 ms)
[06/01/2026-17:29:22] [I] Average on 20 runs - GPU latency: 1.01187 ms - Host latency: 1.04609 ms (enqueue 0.396729 ms)
[06/01/2026-17:29:22] [I] Average on 20 runs - GPU latency: 1.01182 ms - Host latency: 1.04736 ms (enqueue 0.38418 ms)
[06/01/2026-17:29:22] [I] Average on 20 runs - GPU latency: 1.01089 ms - Host latency: 1.04604 ms (enqueue 0.381543 ms)
[06/01/2026-17:29:22] [I] Average on 20 runs - GPU latency: 1.01143 ms - Host latency: 1.04561 ms (enqueue 0.393652 ms)
[06/01/2026-17:29:22] [I] Average on 20 runs - GPU latency: 1.01152 ms - Host latency: 1.04683 ms (enqueue 0.388232 ms)
[06/01/2026-17:29:22] [I] Average on 20 runs - GPU latency: 1.01079 ms - Host latency: 1.04663 ms (enqueue 0.382129 ms)
[06/01/2026-17:29:22] [I] Average on 20 runs - GPU latency: 1.01089 ms - Host latency: 1.04507 ms (enqueue 0.395264 ms)
[06/01/2026-17:29:22] [I] Average on 20 runs - GPU latency: 1.01118 ms - Host latency: 1.04639 ms (enqueue 0.389941 ms)
[06/01/2026-17:29:22] [I] Average on 20 runs - GPU latency: 1.01016 ms - Host latency: 1.04482 ms (enqueue 0.385059 ms)
[06/01/2026-17:29:22] [I] Average on 20 runs - GPU latency: 1.01099 ms - Host latency: 1.04541 ms (enqueue 0.39541 ms)
[06/01/2026-17:29:22] [I] 
[06/01/2026-17:29:22] [I] === Performance summary ===
[06/01/2026-17:29:22] [I] Throughput: 984.703 qps
[06/01/2026-17:29:22] [I] Latency: min = 1.02905 ms, max = 1.40771 ms, mean = 1.04672 ms, median = 1.0459 ms, percentile(90%) = 1.05176 ms, percentile(95%) = 1.05396 ms, percentile(99%) = 1.06055 ms
[06/01/2026-17:29:22] [I] Enqueue Time: min = 0.22583 ms, max = 0.620605 ms, mean = 0.391296 ms, median = 0.385254 ms, percentile(90%) = 0.412476 ms, percentile(95%) = 0.448242 ms, percentile(99%) = 0.483643 ms
[06/01/2026-17:29:22] [I] H2D Latency: min = 0.0163574 ms, max = 0.388184 ms, mean = 0.0239651 ms, median = 0.0229492 ms, percentile(90%) = 0.027832 ms, percentile(95%) = 0.0302734 ms, percentile(99%) = 0.0370483 ms
[06/01/2026-17:29:22] [I] GPU Compute Time: min = 0.996582 ms, max = 1.01978 ms, mean = 1.01094 ms, median = 1.01074 ms, percentile(90%) = 1.01392 ms, percentile(95%) = 1.01489 ms, percentile(99%) = 1.0166 ms
[06/01/2026-17:29:22] [I] D2H Latency: min = 0.00976562 ms, max = 0.0151367 ms, mean = 0.0118253 ms, median = 0.0117188 ms, percentile(90%) = 0.0126953 ms, percentile(95%) = 0.0131836 ms, percentile(99%) = 0.013855 ms
[06/01/2026-17:29:22] [I] Total Host Walltime: 10.003 s
[06/01/2026-17:29:22] [I] Total GPU Compute Time: 9.95772 s
[06/01/2026-17:29:22] [I] Explanations of the performance metrics are printed in the verbose logs.
[06/01/2026-17:29:22] [I] 
&&&& PASSED TensorRT.trtexec [TensorRT v100300] # /usr/src/tensorrt/bin/trtexec --loadEngine=models/unet_demo_fp16.engine --shapes=masked_image:1x1x128x128 --avgRuns=20 --duration=10 --exportTimes=reports/trtexec_fp16_times.json
